2025-01-14 21:07:43,570 - INFO - Starting TechInAsia scraper v2
2025-01-14 21:07:43,570 - INFO - ====== WebDriver manager ======
2025-01-14 21:07:43,892 - INFO - Get LATEST chromedriver version for google-chrome
2025-01-14 21:07:44,005 - INFO - Get LATEST chromedriver version for google-chrome
2025-01-14 21:07:44,124 - INFO - Driver [/Users/apple/.wdm/drivers/chromedriver/mac64/131.0.6778.264/chromedriver-mac-x64/chromedriver] found in cache
2025-01-14 21:07:45,056 - INFO - WebDriver initialized successfully
2025-01-14 21:07:45,132 - ERROR - Scraping failed: 'base_url'
2025-01-14 21:07:45,133 - ERROR - Health metrics at failure: {
  "uptime": 1.562196969985962,
  "request_count": 0,
  "error_count": 0,
  "success_rate": 0.0,
  "avg_response_time": 0.0,
  "consecutive_errors": 0
}
2025-01-14 21:26:51,790 - INFO - Starting TechInAsia scraper v2
2025-01-14 21:26:51,791 - INFO - ====== WebDriver manager ======
2025-01-14 21:26:52,131 - INFO - Get LATEST chromedriver version for google-chrome
2025-01-14 21:26:52,349 - INFO - Get LATEST chromedriver version for google-chrome
2025-01-14 21:26:52,445 - INFO - Driver [/Users/apple/.wdm/drivers/chromedriver/mac64/131.0.6778.264/chromedriver-mac-x64/chromedriver] found in cache
2025-01-14 21:26:53,374 - INFO - WebDriver initialized successfully
2025-01-14 21:26:53,471 - ERROR - Scraping failed: 'base_url'
2025-01-14 21:26:53,471 - ERROR - Health metrics at failure: {
  "uptime": 1.679870843887329,
  "request_count": 0,
  "error_count": 0,
  "success_rate": 0.0,
  "avg_response_time": 0.0,
  "consecutive_errors": 0
}
