2025-01-15 13:01:34,070 - INFO - Starting TechInAsia scraper v1.7
2025-01-15 13:01:34,070 - INFO - ====== WebDriver manager ======
2025-01-15 13:01:34,396 - INFO - Get LATEST chromedriver version for google-chrome
2025-01-15 13:01:34,509 - INFO - Get LATEST chromedriver version for google-chrome
2025-01-15 13:01:34,600 - INFO - Driver [/Users/apple/.wdm/drivers/chromedriver/mac64/132.0.6834.83/chromedriver-mac-x64/chromedriver] found in cache
2025-01-15 13:01:36,166 - INFO - patching driver executable /Users/apple/Library/Application Support/undetected_chromedriver/undetected_chromedriver
2025-01-15 13:01:37,323 - INFO - WebDriver initialized successfully 🚀
2025-01-15 13:01:37,360 - INFO - Navigating to URL: https://www.techinasia.com/news?category=artificial-intelligence
2025-01-15 13:01:41,027 - INFO - Page loaded successfully.
2025-01-15 13:01:41,130 - INFO - Parsing article: None
2025-01-15 13:01:41,142 - INFO -   - Extracting title...
2025-01-15 13:01:41,165 - INFO -   - Title extracted: Ytl, Sea launch Malaysia’s first AI-powered digital bank
2025-01-15 13:01:41,165 - INFO -   - Extracting article URL and ID...
2025-01-15 13:01:41,165 - WARNING - ⚠️ AttributeError parsing article: None, error: 'WebElement' object has no attribute 'find_all'
2025-01-15 13:01:41,165 - INFO - Parsing article: None
2025-01-15 13:01:41,171 - INFO -   - Extracting title...
2025-01-15 13:01:41,183 - INFO -   - Title extracted: Ytl, Sea launch Malaysia’s first AI-powered digital bank
2025-01-15 13:01:41,183 - INFO -   - Extracting article URL and ID...
2025-01-15 13:01:41,183 - WARNING - ⚠️ AttributeError parsing article: None, error: 'WebElement' object has no attribute 'find_all'
2025-01-15 13:01:41,183 - INFO - Parsing article: None
2025-01-15 13:01:41,189 - INFO -   - Extracting title...
2025-01-15 13:01:41,204 - INFO -   - Title extracted: Ytl, Sea launch Malaysia’s first AI-powered digital bank
2025-01-15 13:01:41,204 - INFO -   - Extracting article URL and ID...
2025-01-15 13:01:41,204 - WARNING - ⚠️ AttributeError parsing article: None, error: 'WebElement' object has no attribute 'find_all'
2025-01-15 13:01:41,204 - INFO - Parsing article: None
2025-01-15 13:01:41,210 - INFO -   - Extracting title...
2025-01-15 13:01:41,225 - INFO -   - Title extracted: Ytl, Sea launch Malaysia’s first AI-powered digital bank
2025-01-15 13:01:41,225 - INFO -   - Extracting article URL and ID...
2025-01-15 13:01:41,225 - WARNING - ⚠️ AttributeError parsing article: None, error: 'WebElement' object has no attribute 'find_all'
2025-01-15 13:01:41,225 - INFO - Parsing article: None
2025-01-15 13:01:41,232 - INFO -   - Extracting title...
2025-01-15 13:01:41,244 - INFO -   - Title extracted: Ytl, Sea launch Malaysia’s first AI-powered digital bank
2025-01-15 13:01:41,244 - INFO -   - Extracting article URL and ID...
2025-01-15 13:01:41,244 - WARNING - ⚠️ AttributeError parsing article: None, error: 'WebElement' object has no attribute 'find_all'
2025-01-15 13:01:41,244 - INFO - Parsing article: None
2025-01-15 13:01:41,251 - INFO -   - Extracting title...
2025-01-15 13:01:41,264 - INFO -   - Title extracted: Ytl, Sea launch Malaysia’s first AI-powered digital bank
2025-01-15 13:01:41,264 - INFO -   - Extracting article URL and ID...
2025-01-15 13:01:41,264 - WARNING - ⚠️ AttributeError parsing article: None, error: 'WebElement' object has no attribute 'find_all'
2025-01-15 13:01:41,264 - INFO - Parsing article: None
2025-01-15 13:01:41,271 - INFO -   - Extracting title...
2025-01-15 13:01:41,285 - INFO -   - Title extracted: Ytl, Sea launch Malaysia’s first AI-powered digital bank
2025-01-15 13:01:41,285 - INFO -   - Extracting article URL and ID...
2025-01-15 13:01:41,285 - WARNING - ⚠️ AttributeError parsing article: None, error: 'WebElement' object has no attribute 'find_all'
2025-01-15 13:01:41,285 - INFO - Parsing article: None
2025-01-15 13:01:41,291 - INFO -   - Extracting title...
2025-01-15 13:01:41,308 - INFO -   - Title extracted: Ytl, Sea launch Malaysia’s first AI-powered digital bank
2025-01-15 13:01:41,308 - INFO -   - Extracting article URL and ID...
2025-01-15 13:01:41,308 - WARNING - ⚠️ AttributeError parsing article: None, error: 'WebElement' object has no attribute 'find_all'
2025-01-15 13:01:41,308 - INFO - Parsing article: None
2025-01-15 13:01:41,315 - INFO -   - Extracting title...
2025-01-15 13:01:41,333 - INFO -   - Title extracted: Ytl, Sea launch Malaysia’s first AI-powered digital bank
2025-01-15 13:01:41,334 - INFO -   - Extracting article URL and ID...
2025-01-15 13:01:41,334 - WARNING - ⚠️ AttributeError parsing article: None, error: 'WebElement' object has no attribute 'find_all'
2025-01-15 13:01:41,334 - INFO - Parsing article: None
2025-01-15 13:01:41,341 - INFO -   - Extracting title...
2025-01-15 13:01:41,357 - INFO -   - Title extracted: Ytl, Sea launch Malaysia’s first AI-powered digital bank
2025-01-15 13:01:41,357 - INFO -   - Extracting article URL and ID...
2025-01-15 13:01:41,357 - WARNING - ⚠️ AttributeError parsing article: None, error: 'WebElement' object has no attribute 'find_all'
2025-01-15 13:01:41,357 - INFO - Parsing article: None
2025-01-15 13:01:41,364 - INFO -   - Extracting title...
2025-01-15 13:01:41,380 - INFO -   - Title extracted: Ytl, Sea launch Malaysia’s first AI-powered digital bank
2025-01-15 13:01:41,380 - INFO -   - Extracting article URL and ID...
2025-01-15 13:01:41,380 - WARNING - ⚠️ AttributeError parsing article: None, error: 'WebElement' object has no attribute 'find_all'
2025-01-15 13:01:41,381 - INFO - Parsing article: None
2025-01-15 13:01:41,388 - INFO -   - Extracting title...
2025-01-15 13:01:41,402 - INFO -   - Title extracted: Ytl, Sea launch Malaysia’s first AI-powered digital bank
2025-01-15 13:01:41,402 - INFO -   - Extracting article URL and ID...
2025-01-15 13:01:41,402 - WARNING - ⚠️ AttributeError parsing article: None, error: 'WebElement' object has no attribute 'find_all'
2025-01-15 13:01:41,402 - INFO - Parsing article: None
2025-01-15 13:01:41,417 - INFO -   - Extracting title...
2025-01-15 13:01:41,484 - INFO -   - Title extracted: Ytl, Sea launch Malaysia’s first AI-powered digital bank
2025-01-15 13:01:41,484 - INFO -   - Extracting article URL and ID...
2025-01-15 13:01:41,485 - WARNING - ⚠️ AttributeError parsing article: None, error: 'WebElement' object has no attribute 'find_all'
2025-01-15 13:01:41,485 - INFO - Parsing article: None
2025-01-15 13:01:41,492 - INFO -   - Extracting title...
2025-01-15 13:01:41,507 - INFO -   - Title extracted: Ytl, Sea launch Malaysia’s first AI-powered digital bank
2025-01-15 13:01:41,507 - INFO -   - Extracting article URL and ID...
2025-01-15 13:01:41,507 - WARNING - ⚠️ AttributeError parsing article: None, error: 'WebElement' object has no attribute 'find_all'
2025-01-15 13:01:41,507 - INFO - Parsing article: None
2025-01-15 13:01:41,514 - INFO -   - Extracting title...
2025-01-15 13:01:41,529 - INFO -   - Title extracted: Ytl, Sea launch Malaysia’s first AI-powered digital bank
2025-01-15 13:01:41,529 - INFO -   - Extracting article URL and ID...
2025-01-15 13:01:41,529 - WARNING - ⚠️ AttributeError parsing article: None, error: 'WebElement' object has no attribute 'find_all'
2025-01-15 13:01:44,188 - INFO - 📊 --- Scraping Summary ---
2025-01-15 13:01:44,189 - INFO - 📰 Total articles scraped: 0
2025-01-15 13:01:44,190 - INFO - ✅ Valid articles scraped: 0
2025-01-15 13:01:44,190 - INFO - ⚠️ Incomplete articles skipped: 0
2025-01-15 13:01:44,190 - INFO - 🔄 Duplicate articles skipped: 0
2025-01-15 13:01:44,190 - INFO - ⏱️  Scraping duration: 0:00:10.118167
2025-01-15 13:01:44,190 - INFO - 📊 ------------------------
2025-01-15 13:01:44,190 - INFO - Successfully scraped 0 articles
